16-Dec-2015 21:41:47.356 INFO [main] org.apache.catalina.startup.VersionLoggerListener.log Server version:        Apache Tomcat/9.0.0.M1
16-Dec-2015 21:41:47.363 INFO [main] org.apache.catalina.startup.VersionLoggerListener.log Server built:          Nov 12 2015 22:05:52 UTC
16-Dec-2015 21:41:47.363 INFO [main] org.apache.catalina.startup.VersionLoggerListener.log Server number:         9.0.0.0
16-Dec-2015 21:41:47.363 INFO [main] org.apache.catalina.startup.VersionLoggerListener.log OS Name:               Windows 7
16-Dec-2015 21:41:47.363 INFO [main] org.apache.catalina.startup.VersionLoggerListener.log OS Version:            6.1
16-Dec-2015 21:41:47.363 INFO [main] org.apache.catalina.startup.VersionLoggerListener.log Architecture:          x86
16-Dec-2015 21:41:47.364 INFO [main] org.apache.catalina.startup.VersionLoggerListener.log Java Home:             C:\Program Files\Java\jdk1.8.0_66\jre
16-Dec-2015 21:41:47.364 INFO [main] org.apache.catalina.startup.VersionLoggerListener.log JVM Version:           1.8.0_66-b18
16-Dec-2015 21:41:47.364 INFO [main] org.apache.catalina.startup.VersionLoggerListener.log JVM Vendor:            Oracle Corporation
16-Dec-2015 21:41:47.366 INFO [main] org.apache.catalina.startup.VersionLoggerListener.log CATALINA_BASE:         D:\Pragramming\Java\Intelij Projects\Economic_Strategy\localhost\apache
16-Dec-2015 21:41:47.367 INFO [main] org.apache.catalina.startup.VersionLoggerListener.log CATALINA_HOME:         D:\Pragramming\Java\Intelij Projects\Economic_Strategy\localhost\apache
16-Dec-2015 21:41:47.367 INFO [main] org.apache.catalina.startup.VersionLoggerListener.log Command line argument: -Djava.util.logging.config.file=D:\Pragramming\Java\Intelij Projects\Economic_Strategy\localhost\apache\conf\logging.properties
16-Dec-2015 21:41:47.368 INFO [main] org.apache.catalina.startup.VersionLoggerListener.log Command line argument: -Djava.util.logging.manager=org.apache.juli.ClassLoaderLogManager
16-Dec-2015 21:41:47.368 INFO [main] org.apache.catalina.startup.VersionLoggerListener.log Command line argument: -Dcatalina.base=D:\Pragramming\Java\Intelij Projects\Economic_Strategy\localhost\apache
16-Dec-2015 21:41:47.368 INFO [main] org.apache.catalina.startup.VersionLoggerListener.log Command line argument: -Dcatalina.home=D:\Pragramming\Java\Intelij Projects\Economic_Strategy\localhost\apache
16-Dec-2015 21:41:47.369 INFO [main] org.apache.catalina.startup.VersionLoggerListener.log Command line argument: -Djava.io.tmpdir=D:\Pragramming\Java\Intelij Projects\Economic_Strategy\localhost\apache\temp
16-Dec-2015 21:41:47.370 INFO [main] org.apache.catalina.core.AprLifecycleListener.lifecycleEvent Loaded APR based Apache Tomcat Native library 1.2.2 using APR version 1.5.1.
16-Dec-2015 21:41:47.372 INFO [main] org.apache.catalina.core.AprLifecycleListener.lifecycleEvent APR capabilities: IPv6 [true], sendfile [true], accept filters [false], random [true].
16-Dec-2015 21:41:48.370 INFO [main] org.apache.catalina.core.AprLifecycleListener.initializeSSL OpenSSL successfully initialized (OpenSSL 1.0.2d 9 Jul 2015)
16-Dec-2015 21:41:49.508 INFO [main] org.apache.coyote.AbstractProtocol.init Initializing ProtocolHandler ["http-apr-8080"]
16-Dec-2015 21:41:49.522 INFO [main] org.apache.coyote.AbstractProtocol.init Initializing ProtocolHandler ["ajp-apr-8009"]
16-Dec-2015 21:41:49.525 INFO [main] org.apache.catalina.startup.Catalina.load Initialization processed in 3101 ms
16-Dec-2015 21:41:49.666 INFO [main] org.apache.catalina.core.StandardService.startInternal Starting service Catalina
16-Dec-2015 21:41:49.666 INFO [main] org.apache.catalina.core.StandardEngine.startInternal Starting Servlet Engine: Apache Tomcat/9.0.0.M1
16-Dec-2015 21:41:49.698 INFO [localhost-startStop-1] org.apache.catalina.startup.HostConfig.deployDirectory Deploying web application directory D:\Pragramming\Java\Intelij Projects\Economic_Strategy\localhost\apache\webapps\ROOT
16-Dec-2015 21:41:50.456 INFO [localhost-startStop-1] org.apache.catalina.util.SessionIdGeneratorBase.createSecureRandom Creation of SecureRandom instance for session ID generation using [SHA1PRNG] took [233] milliseconds.
16-Dec-2015 21:41:50.506 INFO [localhost-startStop-1] org.apache.catalina.startup.HostConfig.deployDirectory Deployment of web application directory D:\Pragramming\Java\Intelij Projects\Economic_Strategy\localhost\apache\webapps\ROOT has finished in 808 ms
16-Dec-2015 21:41:50.510 INFO [main] org.apache.coyote.AbstractProtocol.start Starting ProtocolHandler [http-apr-8080]
16-Dec-2015 21:41:50.526 INFO [main] org.apache.coyote.AbstractProtocol.start Starting ProtocolHandler [ajp-apr-8009]
16-Dec-2015 21:41:50.537 INFO [main] org.apache.catalina.startup.Catalina.start Server startup in 1011 ms
16-Dec-2015 21:49:38.119 INFO [main] org.apache.catalina.core.StandardServer.await A valid shutdown command was received via the shutdown port. Stopping the Server instance.
16-Dec-2015 21:49:38.120 INFO [main] org.apache.coyote.AbstractProtocol.pause Pausing ProtocolHandler ["http-apr-8080"]
16-Dec-2015 21:49:38.175 INFO [main] org.apache.coyote.AbstractProtocol.pause Pausing ProtocolHandler ["ajp-apr-8009"]
16-Dec-2015 21:49:38.226 INFO [main] org.apache.catalina.core.StandardService.stopInternal Stopping service Catalina
16-Dec-2015 21:49:38.297 INFO [main] org.apache.coyote.AbstractProtocol.stop Stopping ProtocolHandler ["http-apr-8080"]
16-Dec-2015 21:49:38.350 INFO [main] org.apache.coyote.AbstractProtocol.stop Stopping ProtocolHandler ["ajp-apr-8009"]
16-Dec-2015 21:49:38.401 INFO [main] org.apache.coyote.AbstractProtocol.destroy Destroying ProtocolHandler ["http-apr-8080"]
16-Dec-2015 21:49:38.401 INFO [main] org.apache.coyote.AbstractProtocol.destroy Destroying ProtocolHandler ["ajp-apr-8009"]
16-Dec-2015 21:49:46.289 INFO [main] org.apache.catalina.startup.VersionLoggerListener.log Server version:        Apache Tomcat/9.0.0.M1
16-Dec-2015 21:49:46.291 INFO [main] org.apache.catalina.startup.VersionLoggerListener.log Server built:          Nov 12 2015 22:05:52 UTC
16-Dec-2015 21:49:46.291 INFO [main] org.apache.catalina.startup.VersionLoggerListener.log Server number:         9.0.0.0
16-Dec-2015 21:49:46.291 INFO [main] org.apache.catalina.startup.VersionLoggerListener.log OS Name:               Windows 7
16-Dec-2015 21:49:46.292 INFO [main] org.apache.catalina.startup.VersionLoggerListener.log OS Version:            6.1
16-Dec-2015 21:49:46.292 INFO [main] org.apache.catalina.startup.VersionLoggerListener.log Architecture:          x86
16-Dec-2015 21:49:46.292 INFO [main] org.apache.catalina.startup.VersionLoggerListener.log Java Home:             C:\Program Files\Java\jdk1.8.0_66\jre
16-Dec-2015 21:49:46.292 INFO [main] org.apache.catalina.startup.VersionLoggerListener.log JVM Version:           1.8.0_66-b18
16-Dec-2015 21:49:46.293 INFO [main] org.apache.catalina.startup.VersionLoggerListener.log JVM Vendor:            Oracle Corporation
16-Dec-2015 21:49:46.293 INFO [main] org.apache.catalina.startup.VersionLoggerListener.log CATALINA_BASE:         D:\Pragramming\Java\Intelij Projects\Economic_Strategy\localhost\apache
16-Dec-2015 21:49:46.293 INFO [main] org.apache.catalina.startup.VersionLoggerListener.log CATALINA_HOME:         D:\Pragramming\Java\Intelij Projects\Economic_Strategy\localhost\apache
16-Dec-2015 21:49:46.294 INFO [main] org.apache.catalina.startup.VersionLoggerListener.log Command line argument: -Djava.util.logging.config.file=D:\Pragramming\Java\Intelij Projects\Economic_Strategy\localhost\apache\conf\logging.properties
16-Dec-2015 21:49:46.295 INFO [main] org.apache.catalina.startup.VersionLoggerListener.log Command line argument: -Djava.util.logging.manager=org.apache.juli.ClassLoaderLogManager
16-Dec-2015 21:49:46.296 INFO [main] org.apache.catalina.startup.VersionLoggerListener.log Command line argument: -Dcatalina.base=D:\Pragramming\Java\Intelij Projects\Economic_Strategy\localhost\apache
16-Dec-2015 21:49:46.296 INFO [main] org.apache.catalina.startup.VersionLoggerListener.log Command line argument: -Dcatalina.home=D:\Pragramming\Java\Intelij Projects\Economic_Strategy\localhost\apache
16-Dec-2015 21:49:46.297 INFO [main] org.apache.catalina.startup.VersionLoggerListener.log Command line argument: -Djava.io.tmpdir=D:\Pragramming\Java\Intelij Projects\Economic_Strategy\localhost\apache\temp
16-Dec-2015 21:49:46.298 INFO [main] org.apache.catalina.core.AprLifecycleListener.lifecycleEvent Loaded APR based Apache Tomcat Native library 1.2.2 using APR version 1.5.1.
16-Dec-2015 21:49:46.299 INFO [main] org.apache.catalina.core.AprLifecycleListener.lifecycleEvent APR capabilities: IPv6 [true], sendfile [true], accept filters [false], random [true].
16-Dec-2015 21:49:47.308 INFO [main] org.apache.catalina.core.AprLifecycleListener.initializeSSL OpenSSL successfully initialized (OpenSSL 1.0.2d 9 Jul 2015)
16-Dec-2015 21:49:47.516 INFO [main] org.apache.coyote.AbstractProtocol.init Initializing ProtocolHandler ["http-apr-80"]
16-Dec-2015 21:49:47.538 INFO [main] org.apache.coyote.AbstractProtocol.init Initializing ProtocolHandler ["ajp-apr-8009"]
16-Dec-2015 21:49:47.542 INFO [main] org.apache.catalina.startup.Catalina.load Initialization processed in 1845 ms
16-Dec-2015 21:49:47.582 INFO [main] org.apache.catalina.core.StandardService.startInternal Starting service Catalina
16-Dec-2015 21:49:47.584 INFO [main] org.apache.catalina.core.StandardEngine.startInternal Starting Servlet Engine: Apache Tomcat/9.0.0.M1
16-Dec-2015 21:49:47.598 INFO [localhost-startStop-1] org.apache.catalina.startup.HostConfig.deployDirectory Deploying web application directory D:\Pragramming\Java\Intelij Projects\Economic_Strategy\localhost\apache\webapps\ROOT
16-Dec-2015 21:49:48.138 INFO [localhost-startStop-1] org.apache.catalina.util.SessionIdGeneratorBase.createSecureRandom Creation of SecureRandom instance for session ID generation using [SHA1PRNG] took [127] milliseconds.
16-Dec-2015 21:49:48.162 INFO [localhost-startStop-1] org.apache.catalina.startup.HostConfig.deployDirectory Deployment of web application directory D:\Pragramming\Java\Intelij Projects\Economic_Strategy\localhost\apache\webapps\ROOT has finished in 564 ms
16-Dec-2015 21:49:48.166 INFO [main] org.apache.coyote.AbstractProtocol.start Starting ProtocolHandler [http-apr-80]
16-Dec-2015 21:49:48.180 INFO [main] org.apache.coyote.AbstractProtocol.start Starting ProtocolHandler [ajp-apr-8009]
16-Dec-2015 21:49:48.190 INFO [main] org.apache.catalina.startup.Catalina.start Server startup in 646 ms
16-Dec-2015 21:54:36.463 INFO [main] org.apache.catalina.core.StandardServer.await A valid shutdown command was received via the shutdown port. Stopping the Server instance.
16-Dec-2015 21:54:36.465 INFO [main] org.apache.coyote.AbstractProtocol.pause Pausing ProtocolHandler ["http-apr-80"]
16-Dec-2015 21:54:36.471 INFO [main] org.apache.coyote.AbstractProtocol.pause Pausing ProtocolHandler ["ajp-apr-8009"]
16-Dec-2015 21:54:36.522 INFO [main] org.apache.catalina.core.StandardService.stopInternal Stopping service Catalina
16-Dec-2015 21:54:36.537 INFO [main] org.apache.coyote.AbstractProtocol.stop Stopping ProtocolHandler ["http-apr-80"]
16-Dec-2015 21:54:36.588 INFO [main] org.apache.coyote.AbstractProtocol.stop Stopping ProtocolHandler ["ajp-apr-8009"]
16-Dec-2015 21:54:36.640 INFO [main] org.apache.coyote.AbstractProtocol.destroy Destroying ProtocolHandler ["http-apr-80"]
16-Dec-2015 21:54:36.642 INFO [main] org.apache.coyote.AbstractProtocol.destroy Destroying ProtocolHandler ["ajp-apr-8009"]
16-Dec-2015 21:56:41.615 INFO [main] org.apache.catalina.startup.VersionLoggerListener.log Server version:        Apache Tomcat/9.0.0.M1
16-Dec-2015 21:56:41.617 INFO [main] org.apache.catalina.startup.VersionLoggerListener.log Server built:          Nov 12 2015 22:05:52 UTC
16-Dec-2015 21:56:41.617 INFO [main] org.apache.catalina.startup.VersionLoggerListener.log Server number:         9.0.0.0
16-Dec-2015 21:56:41.617 INFO [main] org.apache.catalina.startup.VersionLoggerListener.log OS Name:               Windows 7
16-Dec-2015 21:56:41.617 INFO [main] org.apache.catalina.startup.VersionLoggerListener.log OS Version:            6.1
16-Dec-2015 21:56:41.618 INFO [main] org.apache.catalina.startup.VersionLoggerListener.log Architecture:          x86
16-Dec-2015 21:56:41.618 INFO [main] org.apache.catalina.startup.VersionLoggerListener.log Java Home:             C:\Program Files\Java\jdk1.8.0_66\jre
16-Dec-2015 21:56:41.618 INFO [main] org.apache.catalina.startup.VersionLoggerListener.log JVM Version:           1.8.0_66-b18
16-Dec-2015 21:56:41.619 INFO [main] org.apache.catalina.startup.VersionLoggerListener.log JVM Vendor:            Oracle Corporation
16-Dec-2015 21:56:41.619 INFO [main] org.apache.catalina.startup.VersionLoggerListener.log CATALINA_BASE:         D:\Pragramming\Java\Intelij Projects\Economic_Strategy\localhost\apache
16-Dec-2015 21:56:41.619 INFO [main] org.apache.catalina.startup.VersionLoggerListener.log CATALINA_HOME:         D:\Pragramming\Java\Intelij Projects\Economic_Strategy\localhost\apache
16-Dec-2015 21:56:41.620 INFO [main] org.apache.catalina.startup.VersionLoggerListener.log Command line argument: -Djava.util.logging.config.file=D:\Pragramming\Java\Intelij Projects\Economic_Strategy\localhost\apache\conf\logging.properties
16-Dec-2015 21:56:41.621 INFO [main] org.apache.catalina.startup.VersionLoggerListener.log Command line argument: -Djava.util.logging.manager=org.apache.juli.ClassLoaderLogManager
16-Dec-2015 21:56:41.622 INFO [main] org.apache.catalina.startup.VersionLoggerListener.log Command line argument: -Dcatalina.base=D:\Pragramming\Java\Intelij Projects\Economic_Strategy\localhost\apache
16-Dec-2015 21:56:41.622 INFO [main] org.apache.catalina.startup.VersionLoggerListener.log Command line argument: -Dcatalina.home=D:\Pragramming\Java\Intelij Projects\Economic_Strategy\localhost\apache
16-Dec-2015 21:56:41.623 INFO [main] org.apache.catalina.startup.VersionLoggerListener.log Command line argument: -Djava.io.tmpdir=D:\Pragramming\Java\Intelij Projects\Economic_Strategy\localhost\apache\temp
16-Dec-2015 21:56:41.624 INFO [main] org.apache.catalina.core.AprLifecycleListener.lifecycleEvent Loaded APR based Apache Tomcat Native library 1.2.2 using APR version 1.5.1.
16-Dec-2015 21:56:41.625 INFO [main] org.apache.catalina.core.AprLifecycleListener.lifecycleEvent APR capabilities: IPv6 [true], sendfile [true], accept filters [false], random [true].
16-Dec-2015 21:56:42.587 INFO [main] org.apache.catalina.core.AprLifecycleListener.initializeSSL OpenSSL successfully initialized (OpenSSL 1.0.2d 9 Jul 2015)
16-Dec-2015 21:56:42.794 INFO [main] org.apache.coyote.AbstractProtocol.init Initializing ProtocolHandler ["http-apr-80"]
16-Dec-2015 21:56:42.809 INFO [main] org.apache.coyote.AbstractProtocol.init Initializing ProtocolHandler ["ajp-apr-8009"]
16-Dec-2015 21:56:42.812 INFO [main] org.apache.catalina.startup.Catalina.load Initialization processed in 1666 ms
16-Dec-2015 21:56:42.864 INFO [main] org.apache.catalina.core.StandardService.startInternal Starting service Catalina
16-Dec-2015 21:56:42.865 INFO [main] org.apache.catalina.core.StandardEngine.startInternal Starting Servlet Engine: Apache Tomcat/9.0.0.M1
16-Dec-2015 21:56:42.877 INFO [localhost-startStop-1] org.apache.catalina.startup.HostConfig.deployDirectory Deploying web application directory D:\Pragramming\Java\Intelij Projects\Economic_Strategy\localhost\apache\webapps\ROOT
16-Dec-2015 21:56:43.383 INFO [localhost-startStop-1] org.apache.catalina.util.SessionIdGeneratorBase.createSecureRandom Creation of SecureRandom instance for session ID generation using [SHA1PRNG] took [131] milliseconds.
16-Dec-2015 21:56:43.408 INFO [localhost-startStop-1] org.apache.catalina.startup.HostConfig.deployDirectory Deployment of web application directory D:\Pragramming\Java\Intelij Projects\Economic_Strategy\localhost\apache\webapps\ROOT has finished in 531 ms
16-Dec-2015 21:56:43.413 INFO [main] org.apache.coyote.AbstractProtocol.start Starting ProtocolHandler [http-apr-80]
16-Dec-2015 21:56:43.427 INFO [main] org.apache.coyote.AbstractProtocol.start Starting ProtocolHandler [ajp-apr-8009]
16-Dec-2015 21:56:43.439 INFO [main] org.apache.catalina.startup.Catalina.start Server startup in 626 ms
16-Dec-2015 21:57:51.750 INFO [main] org.apache.catalina.core.StandardServer.await A valid shutdown command was received via the shutdown port. Stopping the Server instance.
16-Dec-2015 21:57:51.751 INFO [main] org.apache.coyote.AbstractProtocol.pause Pausing ProtocolHandler ["http-apr-80"]
16-Dec-2015 21:57:51.805 INFO [main] org.apache.coyote.AbstractProtocol.pause Pausing ProtocolHandler ["ajp-apr-8009"]
16-Dec-2015 21:57:51.856 INFO [main] org.apache.catalina.core.StandardService.stopInternal Stopping service Catalina
16-Dec-2015 21:57:51.875 INFO [main] org.apache.coyote.AbstractProtocol.stop Stopping ProtocolHandler ["http-apr-80"]
16-Dec-2015 21:57:51.945 INFO [main] org.apache.coyote.AbstractProtocol.stop Stopping ProtocolHandler ["ajp-apr-8009"]
16-Dec-2015 21:57:51.996 INFO [main] org.apache.coyote.AbstractProtocol.destroy Destroying ProtocolHandler ["http-apr-80"]
16-Dec-2015 21:57:51.997 INFO [main] org.apache.coyote.AbstractProtocol.destroy Destroying ProtocolHandler ["ajp-apr-8009"]
16-Dec-2015 21:57:57.304 INFO [main] org.apache.catalina.startup.VersionLoggerListener.log Server version:        Apache Tomcat/9.0.0.M1
16-Dec-2015 21:57:57.306 INFO [main] org.apache.catalina.startup.VersionLoggerListener.log Server built:          Nov 12 2015 22:05:52 UTC
16-Dec-2015 21:57:57.306 INFO [main] org.apache.catalina.startup.VersionLoggerListener.log Server number:         9.0.0.0
16-Dec-2015 21:57:57.306 INFO [main] org.apache.catalina.startup.VersionLoggerListener.log OS Name:               Windows 7
16-Dec-2015 21:57:57.306 INFO [main] org.apache.catalina.startup.VersionLoggerListener.log OS Version:            6.1
16-Dec-2015 21:57:57.307 INFO [main] org.apache.catalina.startup.VersionLoggerListener.log Architecture:          x86
16-Dec-2015 21:57:57.307 INFO [main] org.apache.catalina.startup.VersionLoggerListener.log Java Home:             C:\Program Files\Java\jdk1.8.0_66\jre
16-Dec-2015 21:57:57.307 INFO [main] org.apache.catalina.startup.VersionLoggerListener.log JVM Version:           1.8.0_66-b18
16-Dec-2015 21:57:57.307 INFO [main] org.apache.catalina.startup.VersionLoggerListener.log JVM Vendor:            Oracle Corporation
16-Dec-2015 21:57:57.308 INFO [main] org.apache.catalina.startup.VersionLoggerListener.log CATALINA_BASE:         D:\Pragramming\Java\Intelij Projects\Economic_Strategy\localhost\apache
16-Dec-2015 21:57:57.308 INFO [main] org.apache.catalina.startup.VersionLoggerListener.log CATALINA_HOME:         D:\Pragramming\Java\Intelij Projects\Economic_Strategy\localhost\apache
16-Dec-2015 21:57:57.308 INFO [main] org.apache.catalina.startup.VersionLoggerListener.log Command line argument: -Djava.util.logging.config.file=D:\Pragramming\Java\Intelij Projects\Economic_Strategy\localhost\apache\conf\logging.properties
16-Dec-2015 21:57:57.309 INFO [main] org.apache.catalina.startup.VersionLoggerListener.log Command line argument: -Djava.util.logging.manager=org.apache.juli.ClassLoaderLogManager
16-Dec-2015 21:57:57.310 INFO [main] org.apache.catalina.startup.VersionLoggerListener.log Command line argument: -Dcatalina.base=D:\Pragramming\Java\Intelij Projects\Economic_Strategy\localhost\apache
16-Dec-2015 21:57:57.311 INFO [main] org.apache.catalina.startup.VersionLoggerListener.log Command line argument: -Dcatalina.home=D:\Pragramming\Java\Intelij Projects\Economic_Strategy\localhost\apache
16-Dec-2015 21:57:57.312 INFO [main] org.apache.catalina.startup.VersionLoggerListener.log Command line argument: -Djava.io.tmpdir=D:\Pragramming\Java\Intelij Projects\Economic_Strategy\localhost\apache\temp
16-Dec-2015 21:57:57.312 INFO [main] org.apache.catalina.core.AprLifecycleListener.lifecycleEvent Loaded APR based Apache Tomcat Native library 1.2.2 using APR version 1.5.1.
16-Dec-2015 21:57:57.313 INFO [main] org.apache.catalina.core.AprLifecycleListener.lifecycleEvent APR capabilities: IPv6 [true], sendfile [true], accept filters [false], random [true].
16-Dec-2015 21:57:58.275 INFO [main] org.apache.catalina.core.AprLifecycleListener.initializeSSL OpenSSL successfully initialized (OpenSSL 1.0.2d 9 Jul 2015)
16-Dec-2015 21:57:58.453 INFO [main] org.apache.coyote.AbstractProtocol.init Initializing ProtocolHandler ["http-apr-80"]
16-Dec-2015 21:57:58.467 INFO [main] org.apache.coyote.AbstractProtocol.init Initializing ProtocolHandler ["ajp-apr-8009"]
16-Dec-2015 21:57:58.470 INFO [main] org.apache.catalina.startup.Catalina.load Initialization processed in 1645 ms
16-Dec-2015 21:57:58.506 INFO [main] org.apache.catalina.core.StandardService.startInternal Starting service Catalina
16-Dec-2015 21:57:58.506 INFO [main] org.apache.catalina.core.StandardEngine.startInternal Starting Servlet Engine: Apache Tomcat/9.0.0.M1
16-Dec-2015 21:57:58.518 INFO [localhost-startStop-1] org.apache.catalina.startup.HostConfig.deployDirectory Deploying web application directory D:\Pragramming\Java\Intelij Projects\Economic_Strategy\localhost\apache\webapps\ROOT
16-Dec-2015 21:57:58.970 INFO [localhost-startStop-1] org.apache.catalina.util.SessionIdGeneratorBase.createSecureRandom Creation of SecureRandom instance for session ID generation using [SHA1PRNG] took [118] milliseconds.
16-Dec-2015 21:57:58.994 INFO [localhost-startStop-1] org.apache.catalina.startup.HostConfig.deployDirectory Deployment of web application directory D:\Pragramming\Java\Intelij Projects\Economic_Strategy\localhost\apache\webapps\ROOT has finished in 476 ms
16-Dec-2015 21:57:58.997 INFO [main] org.apache.coyote.AbstractProtocol.start Starting ProtocolHandler [http-apr-80]
16-Dec-2015 21:57:59.012 INFO [main] org.apache.coyote.AbstractProtocol.start Starting ProtocolHandler [ajp-apr-8009]
16-Dec-2015 21:57:59.023 INFO [main] org.apache.catalina.startup.Catalina.start Server startup in 552 ms
16-Dec-2015 21:59:38.529 INFO [main] org.apache.catalina.core.StandardServer.await A valid shutdown command was received via the shutdown port. Stopping the Server instance.
16-Dec-2015 21:59:38.530 INFO [main] org.apache.coyote.AbstractProtocol.pause Pausing ProtocolHandler ["http-apr-80"]
16-Dec-2015 21:59:38.586 INFO [main] org.apache.coyote.AbstractProtocol.pause Pausing ProtocolHandler ["ajp-apr-8009"]
16-Dec-2015 21:59:38.637 INFO [main] org.apache.catalina.core.StandardService.stopInternal Stopping service Catalina
16-Dec-2015 21:59:38.656 INFO [main] org.apache.coyote.AbstractProtocol.stop Stopping ProtocolHandler ["http-apr-80"]
16-Dec-2015 21:59:38.708 INFO [main] org.apache.coyote.AbstractProtocol.stop Stopping ProtocolHandler ["ajp-apr-8009"]
16-Dec-2015 21:59:38.759 INFO [main] org.apache.coyote.AbstractProtocol.destroy Destroying ProtocolHandler ["http-apr-80"]
16-Dec-2015 21:59:38.760 INFO [main] org.apache.coyote.AbstractProtocol.destroy Destroying ProtocolHandler ["ajp-apr-8009"]
16-Dec-2015 21:59:44.374 INFO [main] org.apache.catalina.startup.VersionLoggerListener.log Server version:        Apache Tomcat/9.0.0.M1
16-Dec-2015 21:59:44.376 INFO [main] org.apache.catalina.startup.VersionLoggerListener.log Server built:          Nov 12 2015 22:05:52 UTC
16-Dec-2015 21:59:44.376 INFO [main] org.apache.catalina.startup.VersionLoggerListener.log Server number:         9.0.0.0
16-Dec-2015 21:59:44.376 INFO [main] org.apache.catalina.startup.VersionLoggerListener.log OS Name:               Windows 7
16-Dec-2015 21:59:44.376 INFO [main] org.apache.catalina.startup.VersionLoggerListener.log OS Version:            6.1
16-Dec-2015 21:59:44.377 INFO [main] org.apache.catalina.startup.VersionLoggerListener.log Architecture:          x86
16-Dec-2015 21:59:44.377 INFO [main] org.apache.catalina.startup.VersionLoggerListener.log Java Home:             C:\Program Files\Java\jdk1.8.0_66\jre
16-Dec-2015 21:59:44.377 INFO [main] org.apache.catalina.startup.VersionLoggerListener.log JVM Version:           1.8.0_66-b18
16-Dec-2015 21:59:44.377 INFO [main] org.apache.catalina.startup.VersionLoggerListener.log JVM Vendor:            Oracle Corporation
16-Dec-2015 21:59:44.378 INFO [main] org.apache.catalina.startup.VersionLoggerListener.log CATALINA_BASE:         D:\Pragramming\Java\Intelij Projects\Economic_Strategy\localhost\apache
16-Dec-2015 21:59:44.378 INFO [main] org.apache.catalina.startup.VersionLoggerListener.log CATALINA_HOME:         D:\Pragramming\Java\Intelij Projects\Economic_Strategy\localhost\apache
16-Dec-2015 21:59:44.379 INFO [main] org.apache.catalina.startup.VersionLoggerListener.log Command line argument: -Djava.util.logging.config.file=D:\Pragramming\Java\Intelij Projects\Economic_Strategy\localhost\apache\conf\logging.properties
16-Dec-2015 21:59:44.379 INFO [main] org.apache.catalina.startup.VersionLoggerListener.log Command line argument: -Djava.util.logging.manager=org.apache.juli.ClassLoaderLogManager
16-Dec-2015 21:59:44.380 INFO [main] org.apache.catalina.startup.VersionLoggerListener.log Command line argument: -Dcatalina.base=D:\Pragramming\Java\Intelij Projects\Economic_Strategy\localhost\apache
16-Dec-2015 21:59:44.381 INFO [main] org.apache.catalina.startup.VersionLoggerListener.log Command line argument: -Dcatalina.home=D:\Pragramming\Java\Intelij Projects\Economic_Strategy\localhost\apache
16-Dec-2015 21:59:44.382 INFO [main] org.apache.catalina.startup.VersionLoggerListener.log Command line argument: -Djava.io.tmpdir=D:\Pragramming\Java\Intelij Projects\Economic_Strategy\localhost\apache\temp
16-Dec-2015 21:59:44.383 INFO [main] org.apache.catalina.core.AprLifecycleListener.lifecycleEvent Loaded APR based Apache Tomcat Native library 1.2.2 using APR version 1.5.1.
16-Dec-2015 21:59:44.383 INFO [main] org.apache.catalina.core.AprLifecycleListener.lifecycleEvent APR capabilities: IPv6 [true], sendfile [true], accept filters [false], random [true].
16-Dec-2015 21:59:45.349 INFO [main] org.apache.catalina.core.AprLifecycleListener.initializeSSL OpenSSL successfully initialized (OpenSSL 1.0.2d 9 Jul 2015)
16-Dec-2015 21:59:45.625 INFO [main] org.apache.coyote.AbstractProtocol.init Initializing ProtocolHandler ["http-apr-80"]
16-Dec-2015 21:59:45.640 INFO [main] org.apache.coyote.AbstractProtocol.init Initializing ProtocolHandler ["ajp-apr-8009"]
16-Dec-2015 21:59:45.644 INFO [main] org.apache.catalina.startup.Catalina.load Initialization processed in 1741 ms
16-Dec-2015 21:59:45.700 INFO [main] org.apache.catalina.core.StandardService.startInternal Starting service Catalina
16-Dec-2015 21:59:45.700 INFO [main] org.apache.catalina.core.StandardEngine.startInternal Starting Servlet Engine: Apache Tomcat/9.0.0.M1
16-Dec-2015 21:59:45.713 INFO [localhost-startStop-1] org.apache.catalina.startup.HostConfig.deployDirectory Deploying web application directory D:\Pragramming\Java\Intelij Projects\Economic_Strategy\localhost\apache\webapps\ROOT
16-Dec-2015 21:59:46.199 INFO [localhost-startStop-1] org.apache.catalina.util.SessionIdGeneratorBase.createSecureRandom Creation of SecureRandom instance for session ID generation using [SHA1PRNG] took [149] milliseconds.
16-Dec-2015 21:59:46.228 INFO [localhost-startStop-1] org.apache.catalina.startup.HostConfig.deployDirectory Deployment of web application directory D:\Pragramming\Java\Intelij Projects\Economic_Strategy\localhost\apache\webapps\ROOT has finished in 515 ms
16-Dec-2015 21:59:46.233 INFO [main] org.apache.coyote.AbstractProtocol.start Starting ProtocolHandler [http-apr-80]
16-Dec-2015 21:59:46.251 INFO [main] org.apache.coyote.AbstractProtocol.start Starting ProtocolHandler [ajp-apr-8009]
16-Dec-2015 21:59:46.262 INFO [main] org.apache.catalina.startup.Catalina.start Server startup in 618 ms
16-Dec-2015 22:14:19.905 INFO [main] org.apache.catalina.core.StandardServer.await A valid shutdown command was received via the shutdown port. Stopping the Server instance.
16-Dec-2015 22:14:19.906 INFO [main] org.apache.coyote.AbstractProtocol.pause Pausing ProtocolHandler ["http-apr-80"]
16-Dec-2015 22:14:19.962 INFO [main] org.apache.coyote.AbstractProtocol.pause Pausing ProtocolHandler ["ajp-apr-8009"]
16-Dec-2015 22:14:20.013 INFO [main] org.apache.catalina.core.StandardService.stopInternal Stopping service Catalina
16-Dec-2015 22:14:20.033 INFO [main] org.apache.coyote.AbstractProtocol.stop Stopping ProtocolHandler ["http-apr-80"]
16-Dec-2015 22:14:20.087 INFO [main] org.apache.coyote.AbstractProtocol.stop Stopping ProtocolHandler ["ajp-apr-8009"]
16-Dec-2015 22:14:20.138 INFO [main] org.apache.coyote.AbstractProtocol.destroy Destroying ProtocolHandler ["http-apr-80"]
16-Dec-2015 22:14:20.139 INFO [main] org.apache.coyote.AbstractProtocol.destroy Destroying ProtocolHandler ["ajp-apr-8009"]
