23-Dec-2015 23:12:47.745 INFO [main] org.apache.catalina.startup.VersionLoggerListener.log Server version:        Apache Tomcat/9.0.0.M1
23-Dec-2015 23:12:47.749 INFO [main] org.apache.catalina.startup.VersionLoggerListener.log Server built:          Nov 12 2015 22:05:52 UTC
23-Dec-2015 23:12:47.749 INFO [main] org.apache.catalina.startup.VersionLoggerListener.log Server number:         9.0.0.0
23-Dec-2015 23:12:47.749 INFO [main] org.apache.catalina.startup.VersionLoggerListener.log OS Name:               Windows 7
23-Dec-2015 23:12:47.750 INFO [main] org.apache.catalina.startup.VersionLoggerListener.log OS Version:            6.1
23-Dec-2015 23:12:47.750 INFO [main] org.apache.catalina.startup.VersionLoggerListener.log Architecture:          x86
23-Dec-2015 23:12:47.750 INFO [main] org.apache.catalina.startup.VersionLoggerListener.log Java Home:             C:\Program Files\Java\jdk1.8.0_66\jre
23-Dec-2015 23:12:47.751 INFO [main] org.apache.catalina.startup.VersionLoggerListener.log JVM Version:           1.8.0_66-b18
23-Dec-2015 23:12:47.751 INFO [main] org.apache.catalina.startup.VersionLoggerListener.log JVM Vendor:            Oracle Corporation
23-Dec-2015 23:12:47.752 INFO [main] org.apache.catalina.startup.VersionLoggerListener.log CATALINA_BASE:         D:\Pragramming\Java\Intelij Projects\Economic_Strategy\localhost\apache
23-Dec-2015 23:12:47.752 INFO [main] org.apache.catalina.startup.VersionLoggerListener.log CATALINA_HOME:         D:\Pragramming\Java\Intelij Projects\Economic_Strategy\localhost\apache
23-Dec-2015 23:12:47.753 INFO [main] org.apache.catalina.startup.VersionLoggerListener.log Command line argument: -Djava.util.logging.config.file=D:\Pragramming\Java\Intelij Projects\Economic_Strategy\localhost\apache\conf\logging.properties
23-Dec-2015 23:12:47.754 INFO [main] org.apache.catalina.startup.VersionLoggerListener.log Command line argument: -Djava.util.logging.manager=org.apache.juli.ClassLoaderLogManager
23-Dec-2015 23:12:47.754 INFO [main] org.apache.catalina.startup.VersionLoggerListener.log Command line argument: -Dcatalina.base=D:\Pragramming\Java\Intelij Projects\Economic_Strategy\localhost\apache
23-Dec-2015 23:12:47.755 INFO [main] org.apache.catalina.startup.VersionLoggerListener.log Command line argument: -Dcatalina.home=D:\Pragramming\Java\Intelij Projects\Economic_Strategy\localhost\apache
23-Dec-2015 23:12:47.756 INFO [main] org.apache.catalina.startup.VersionLoggerListener.log Command line argument: -Djava.io.tmpdir=D:\Pragramming\Java\Intelij Projects\Economic_Strategy\localhost\apache\temp
23-Dec-2015 23:12:47.758 INFO [main] org.apache.catalina.core.AprLifecycleListener.lifecycleEvent Loaded APR based Apache Tomcat Native library 1.2.2 using APR version 1.5.1.
23-Dec-2015 23:12:47.759 INFO [main] org.apache.catalina.core.AprLifecycleListener.lifecycleEvent APR capabilities: IPv6 [true], sendfile [true], accept filters [false], random [true].
23-Dec-2015 23:12:48.723 INFO [main] org.apache.catalina.core.AprLifecycleListener.initializeSSL OpenSSL successfully initialized (OpenSSL 1.0.2d 9 Jul 2015)
23-Dec-2015 23:12:51.100 INFO [main] org.apache.coyote.AbstractProtocol.init Initializing ProtocolHandler ["http-apr-80"]
23-Dec-2015 23:12:51.120 INFO [main] org.apache.coyote.AbstractProtocol.init Initializing ProtocolHandler ["ajp-apr-8009"]
23-Dec-2015 23:12:51.123 INFO [main] org.apache.catalina.startup.Catalina.load Initialization processed in 6066 ms
23-Dec-2015 23:12:51.354 INFO [main] org.apache.catalina.core.StandardService.startInternal Starting service Catalina
23-Dec-2015 23:12:51.355 INFO [main] org.apache.catalina.core.StandardEngine.startInternal Starting Servlet Engine: Apache Tomcat/9.0.0.M1
23-Dec-2015 23:12:51.459 INFO [localhost-startStop-1] org.apache.catalina.startup.HostConfig.deployDirectory Deploying web application directory D:\Pragramming\Java\Intelij Projects\Economic_Strategy\localhost\apache\webapps\ROOT
23-Dec-2015 23:12:53.213 INFO [localhost-startStop-1] org.apache.catalina.util.SessionIdGeneratorBase.createSecureRandom Creation of SecureRandom instance for session ID generation using [SHA1PRNG] took [694] milliseconds.
23-Dec-2015 23:12:53.369 INFO [localhost-startStop-1] org.apache.catalina.startup.HostConfig.deployDirectory Deployment of web application directory D:\Pragramming\Java\Intelij Projects\Economic_Strategy\localhost\apache\webapps\ROOT has finished in 1,910 ms
23-Dec-2015 23:12:53.375 INFO [main] org.apache.coyote.AbstractProtocol.start Starting ProtocolHandler [http-apr-80]
23-Dec-2015 23:12:53.409 INFO [main] org.apache.coyote.AbstractProtocol.start Starting ProtocolHandler [ajp-apr-8009]
23-Dec-2015 23:12:53.420 INFO [main] org.apache.catalina.startup.Catalina.start Server startup in 2296 ms
23-Dec-2015 23:19:02.643 INFO [main] org.apache.catalina.core.StandardServer.await A valid shutdown command was received via the shutdown port. Stopping the Server instance.
23-Dec-2015 23:19:02.644 INFO [main] org.apache.coyote.AbstractProtocol.pause Pausing ProtocolHandler ["http-apr-80"]
23-Dec-2015 23:19:02.727 INFO [main] org.apache.coyote.AbstractProtocol.pause Pausing ProtocolHandler ["ajp-apr-8009"]
23-Dec-2015 23:19:02.779 INFO [main] org.apache.catalina.core.StandardService.stopInternal Stopping service Catalina
23-Dec-2015 23:19:02.985 INFO [main] org.apache.coyote.AbstractProtocol.stop Stopping ProtocolHandler ["http-apr-80"]
23-Dec-2015 23:19:03.040 INFO [main] org.apache.coyote.AbstractProtocol.stop Stopping ProtocolHandler ["ajp-apr-8009"]
23-Dec-2015 23:19:03.091 INFO [main] org.apache.coyote.AbstractProtocol.destroy Destroying ProtocolHandler ["http-apr-80"]
23-Dec-2015 23:19:03.092 INFO [main] org.apache.coyote.AbstractProtocol.destroy Destroying ProtocolHandler ["ajp-apr-8009"]
23-Dec-2015 23:19:09.354 INFO [main] org.apache.catalina.startup.VersionLoggerListener.log Server version:        Apache Tomcat/9.0.0.M1
23-Dec-2015 23:19:09.357 INFO [main] org.apache.catalina.startup.VersionLoggerListener.log Server built:          Nov 12 2015 22:05:52 UTC
23-Dec-2015 23:19:09.357 INFO [main] org.apache.catalina.startup.VersionLoggerListener.log Server number:         9.0.0.0
23-Dec-2015 23:19:09.357 INFO [main] org.apache.catalina.startup.VersionLoggerListener.log OS Name:               Windows 7
23-Dec-2015 23:19:09.358 INFO [main] org.apache.catalina.startup.VersionLoggerListener.log OS Version:            6.1
23-Dec-2015 23:19:09.358 INFO [main] org.apache.catalina.startup.VersionLoggerListener.log Architecture:          x86
23-Dec-2015 23:19:09.358 INFO [main] org.apache.catalina.startup.VersionLoggerListener.log Java Home:             C:\Program Files\Java\jdk1.8.0_66\jre
23-Dec-2015 23:19:09.358 INFO [main] org.apache.catalina.startup.VersionLoggerListener.log JVM Version:           1.8.0_66-b18
23-Dec-2015 23:19:09.358 INFO [main] org.apache.catalina.startup.VersionLoggerListener.log JVM Vendor:            Oracle Corporation
23-Dec-2015 23:19:09.359 INFO [main] org.apache.catalina.startup.VersionLoggerListener.log CATALINA_BASE:         D:\Pragramming\Java\Intelij Projects\Economic_Strategy\localhost\apache
23-Dec-2015 23:19:09.359 INFO [main] org.apache.catalina.startup.VersionLoggerListener.log CATALINA_HOME:         D:\Pragramming\Java\Intelij Projects\Economic_Strategy\localhost\apache
23-Dec-2015 23:19:09.366 INFO [main] org.apache.catalina.startup.VersionLoggerListener.log Command line argument: -Djava.util.logging.config.file=D:\Pragramming\Java\Intelij Projects\Economic_Strategy\localhost\apache\conf\logging.properties
23-Dec-2015 23:19:09.369 INFO [main] org.apache.catalina.startup.VersionLoggerListener.log Command line argument: -Djava.util.logging.manager=org.apache.juli.ClassLoaderLogManager
23-Dec-2015 23:19:09.369 INFO [main] org.apache.catalina.startup.VersionLoggerListener.log Command line argument: -Dcatalina.base=D:\Pragramming\Java\Intelij Projects\Economic_Strategy\localhost\apache
23-Dec-2015 23:19:09.369 INFO [main] org.apache.catalina.startup.VersionLoggerListener.log Command line argument: -Dcatalina.home=D:\Pragramming\Java\Intelij Projects\Economic_Strategy\localhost\apache
23-Dec-2015 23:19:09.370 INFO [main] org.apache.catalina.startup.VersionLoggerListener.log Command line argument: -Djava.io.tmpdir=D:\Pragramming\Java\Intelij Projects\Economic_Strategy\localhost\apache\temp
23-Dec-2015 23:19:09.370 INFO [main] org.apache.catalina.core.AprLifecycleListener.lifecycleEvent Loaded APR based Apache Tomcat Native library 1.2.2 using APR version 1.5.1.
23-Dec-2015 23:19:09.370 INFO [main] org.apache.catalina.core.AprLifecycleListener.lifecycleEvent APR capabilities: IPv6 [true], sendfile [true], accept filters [false], random [true].
23-Dec-2015 23:19:10.438 INFO [main] org.apache.catalina.core.AprLifecycleListener.initializeSSL OpenSSL successfully initialized (OpenSSL 1.0.2d 9 Jul 2015)
23-Dec-2015 23:19:10.939 INFO [main] org.apache.coyote.AbstractProtocol.init Initializing ProtocolHandler ["http-apr-80"]
23-Dec-2015 23:19:10.961 INFO [main] org.apache.coyote.AbstractProtocol.init Initializing ProtocolHandler ["ajp-apr-8009"]
23-Dec-2015 23:19:10.965 INFO [main] org.apache.catalina.startup.Catalina.load Initialization processed in 2294 ms
23-Dec-2015 23:19:11.020 INFO [main] org.apache.catalina.core.StandardService.startInternal Starting service Catalina
23-Dec-2015 23:19:11.022 INFO [main] org.apache.catalina.core.StandardEngine.startInternal Starting Servlet Engine: Apache Tomcat/9.0.0.M1
23-Dec-2015 23:19:11.516 INFO [localhost-startStop-1] org.apache.catalina.util.SessionIdGeneratorBase.createSecureRandom Creation of SecureRandom instance for session ID generation using [SHA1PRNG] took [127] milliseconds.
23-Dec-2015 23:19:11.552 INFO [main] org.apache.coyote.AbstractProtocol.start Starting ProtocolHandler [http-apr-80]
23-Dec-2015 23:19:11.566 INFO [main] org.apache.coyote.AbstractProtocol.start Starting ProtocolHandler [ajp-apr-8009]
23-Dec-2015 23:19:11.579 INFO [main] org.apache.catalina.startup.Catalina.start Server startup in 613 ms
23-Dec-2015 23:19:35.883 INFO [main] org.apache.catalina.core.StandardServer.await A valid shutdown command was received via the shutdown port. Stopping the Server instance.
23-Dec-2015 23:19:35.885 INFO [main] org.apache.coyote.AbstractProtocol.pause Pausing ProtocolHandler ["http-apr-80"]
23-Dec-2015 23:19:35.940 INFO [main] org.apache.coyote.AbstractProtocol.pause Pausing ProtocolHandler ["ajp-apr-8009"]
23-Dec-2015 23:19:35.991 INFO [main] org.apache.catalina.core.StandardService.stopInternal Stopping service Catalina
23-Dec-2015 23:19:36.011 INFO [main] org.apache.coyote.AbstractProtocol.stop Stopping ProtocolHandler ["http-apr-80"]
23-Dec-2015 23:19:36.080 INFO [main] org.apache.coyote.AbstractProtocol.stop Stopping ProtocolHandler ["ajp-apr-8009"]
23-Dec-2015 23:19:36.131 INFO [main] org.apache.coyote.AbstractProtocol.destroy Destroying ProtocolHandler ["http-apr-80"]
23-Dec-2015 23:19:36.132 INFO [main] org.apache.coyote.AbstractProtocol.destroy Destroying ProtocolHandler ["ajp-apr-8009"]
23-Dec-2015 23:20:30.711 INFO [main] org.apache.catalina.startup.VersionLoggerListener.log Server version:        Apache Tomcat/9.0.0.M1
23-Dec-2015 23:20:30.713 INFO [main] org.apache.catalina.startup.VersionLoggerListener.log Server built:          Nov 12 2015 22:05:52 UTC
23-Dec-2015 23:20:30.713 INFO [main] org.apache.catalina.startup.VersionLoggerListener.log Server number:         9.0.0.0
23-Dec-2015 23:20:30.713 INFO [main] org.apache.catalina.startup.VersionLoggerListener.log OS Name:               Windows 7
23-Dec-2015 23:20:30.713 INFO [main] org.apache.catalina.startup.VersionLoggerListener.log OS Version:            6.1
23-Dec-2015 23:20:30.713 INFO [main] org.apache.catalina.startup.VersionLoggerListener.log Architecture:          x86
23-Dec-2015 23:20:30.714 INFO [main] org.apache.catalina.startup.VersionLoggerListener.log Java Home:             C:\Program Files\Java\jdk1.8.0_66\jre
23-Dec-2015 23:20:30.714 INFO [main] org.apache.catalina.startup.VersionLoggerListener.log JVM Version:           1.8.0_66-b18
23-Dec-2015 23:20:30.714 INFO [main] org.apache.catalina.startup.VersionLoggerListener.log JVM Vendor:            Oracle Corporation
23-Dec-2015 23:20:30.715 INFO [main] org.apache.catalina.startup.VersionLoggerListener.log CATALINA_BASE:         D:\Pragramming\Java\Intelij Projects\Economic_Strategy\localhost\apache
23-Dec-2015 23:20:30.715 INFO [main] org.apache.catalina.startup.VersionLoggerListener.log CATALINA_HOME:         D:\Pragramming\Java\Intelij Projects\Economic_Strategy\localhost\apache
23-Dec-2015 23:20:30.716 INFO [main] org.apache.catalina.startup.VersionLoggerListener.log Command line argument: -Djava.util.logging.config.file=D:\Pragramming\Java\Intelij Projects\Economic_Strategy\localhost\apache\conf\logging.properties
23-Dec-2015 23:20:30.717 INFO [main] org.apache.catalina.startup.VersionLoggerListener.log Command line argument: -Djava.util.logging.manager=org.apache.juli.ClassLoaderLogManager
23-Dec-2015 23:20:30.718 INFO [main] org.apache.catalina.startup.VersionLoggerListener.log Command line argument: -Dcatalina.base=D:\Pragramming\Java\Intelij Projects\Economic_Strategy\localhost\apache
23-Dec-2015 23:20:30.724 INFO [main] org.apache.catalina.startup.VersionLoggerListener.log Command line argument: -Dcatalina.home=D:\Pragramming\Java\Intelij Projects\Economic_Strategy\localhost\apache
23-Dec-2015 23:20:30.725 INFO [main] org.apache.catalina.startup.VersionLoggerListener.log Command line argument: -Djava.io.tmpdir=D:\Pragramming\Java\Intelij Projects\Economic_Strategy\localhost\apache\temp
23-Dec-2015 23:20:30.725 INFO [main] org.apache.catalina.core.AprLifecycleListener.lifecycleEvent Loaded APR based Apache Tomcat Native library 1.2.2 using APR version 1.5.1.
23-Dec-2015 23:20:30.726 INFO [main] org.apache.catalina.core.AprLifecycleListener.lifecycleEvent APR capabilities: IPv6 [true], sendfile [true], accept filters [false], random [true].
23-Dec-2015 23:20:31.775 INFO [main] org.apache.catalina.core.AprLifecycleListener.initializeSSL OpenSSL successfully initialized (OpenSSL 1.0.2d 9 Jul 2015)
23-Dec-2015 23:20:32.034 INFO [main] org.apache.coyote.AbstractProtocol.init Initializing ProtocolHandler ["http-apr-80"]
23-Dec-2015 23:20:32.048 INFO [main] org.apache.coyote.AbstractProtocol.init Initializing ProtocolHandler ["ajp-apr-8009"]
23-Dec-2015 23:20:32.051 INFO [main] org.apache.catalina.startup.Catalina.load Initialization processed in 2031 ms
23-Dec-2015 23:20:32.094 INFO [main] org.apache.catalina.core.StandardService.startInternal Starting service Catalina
23-Dec-2015 23:20:32.094 INFO [main] org.apache.catalina.core.StandardEngine.startInternal Starting Servlet Engine: Apache Tomcat/9.0.0.M1
23-Dec-2015 23:20:32.591 INFO [localhost-startStop-1] org.apache.catalina.util.SessionIdGeneratorBase.createSecureRandom Creation of SecureRandom instance for session ID generation using [SHA1PRNG] took [121] milliseconds.
23-Dec-2015 23:20:32.620 INFO [main] org.apache.coyote.AbstractProtocol.start Starting ProtocolHandler [http-apr-80]
23-Dec-2015 23:20:32.634 INFO [main] org.apache.coyote.AbstractProtocol.start Starting ProtocolHandler [ajp-apr-8009]
23-Dec-2015 23:20:32.646 INFO [main] org.apache.catalina.startup.Catalina.start Server startup in 594 ms
23-Dec-2015 23:21:42.878 INFO [main] org.apache.catalina.core.StandardServer.await A valid shutdown command was received via the shutdown port. Stopping the Server instance.
23-Dec-2015 23:21:42.879 INFO [main] org.apache.coyote.AbstractProtocol.pause Pausing ProtocolHandler ["http-apr-80"]
23-Dec-2015 23:21:42.936 INFO [main] org.apache.coyote.AbstractProtocol.pause Pausing ProtocolHandler ["ajp-apr-8009"]
23-Dec-2015 23:21:42.987 INFO [main] org.apache.catalina.core.StandardService.stopInternal Stopping service Catalina
23-Dec-2015 23:21:43.058 INFO [main] org.apache.coyote.AbstractProtocol.stop Stopping ProtocolHandler ["http-apr-80"]
23-Dec-2015 23:21:43.110 INFO [main] org.apache.coyote.AbstractProtocol.stop Stopping ProtocolHandler ["ajp-apr-8009"]
23-Dec-2015 23:21:43.161 INFO [main] org.apache.coyote.AbstractProtocol.destroy Destroying ProtocolHandler ["http-apr-80"]
23-Dec-2015 23:21:43.162 INFO [main] org.apache.coyote.AbstractProtocol.destroy Destroying ProtocolHandler ["ajp-apr-8009"]
23-Dec-2015 23:21:48.616 INFO [main] org.apache.catalina.startup.VersionLoggerListener.log Server version:        Apache Tomcat/9.0.0.M1
23-Dec-2015 23:21:48.618 INFO [main] org.apache.catalina.startup.VersionLoggerListener.log Server built:          Nov 12 2015 22:05:52 UTC
23-Dec-2015 23:21:48.618 INFO [main] org.apache.catalina.startup.VersionLoggerListener.log Server number:         9.0.0.0
23-Dec-2015 23:21:48.618 INFO [main] org.apache.catalina.startup.VersionLoggerListener.log OS Name:               Windows 7
23-Dec-2015 23:21:48.619 INFO [main] org.apache.catalina.startup.VersionLoggerListener.log OS Version:            6.1
23-Dec-2015 23:21:48.619 INFO [main] org.apache.catalina.startup.VersionLoggerListener.log Architecture:          x86
23-Dec-2015 23:21:48.619 INFO [main] org.apache.catalina.startup.VersionLoggerListener.log Java Home:             C:\Program Files\Java\jdk1.8.0_66\jre
23-Dec-2015 23:21:48.619 INFO [main] org.apache.catalina.startup.VersionLoggerListener.log JVM Version:           1.8.0_66-b18
23-Dec-2015 23:21:48.619 INFO [main] org.apache.catalina.startup.VersionLoggerListener.log JVM Vendor:            Oracle Corporation
23-Dec-2015 23:21:48.620 INFO [main] org.apache.catalina.startup.VersionLoggerListener.log CATALINA_BASE:         D:\Pragramming\Java\Intelij Projects\Economic_Strategy\localhost\apache
23-Dec-2015 23:21:48.620 INFO [main] org.apache.catalina.startup.VersionLoggerListener.log CATALINA_HOME:         D:\Pragramming\Java\Intelij Projects\Economic_Strategy\localhost\apache
23-Dec-2015 23:21:48.621 INFO [main] org.apache.catalina.startup.VersionLoggerListener.log Command line argument: -Djava.util.logging.config.file=D:\Pragramming\Java\Intelij Projects\Economic_Strategy\localhost\apache\conf\logging.properties
23-Dec-2015 23:21:48.622 INFO [main] org.apache.catalina.startup.VersionLoggerListener.log Command line argument: -Djava.util.logging.manager=org.apache.juli.ClassLoaderLogManager
23-Dec-2015 23:21:48.628 INFO [main] org.apache.catalina.startup.VersionLoggerListener.log Command line argument: -Dcatalina.base=D:\Pragramming\Java\Intelij Projects\Economic_Strategy\localhost\apache
23-Dec-2015 23:21:48.629 INFO [main] org.apache.catalina.startup.VersionLoggerListener.log Command line argument: -Dcatalina.home=D:\Pragramming\Java\Intelij Projects\Economic_Strategy\localhost\apache
23-Dec-2015 23:21:48.630 INFO [main] org.apache.catalina.startup.VersionLoggerListener.log Command line argument: -Djava.io.tmpdir=D:\Pragramming\Java\Intelij Projects\Economic_Strategy\localhost\apache\temp
23-Dec-2015 23:21:48.631 INFO [main] org.apache.catalina.core.AprLifecycleListener.lifecycleEvent Loaded APR based Apache Tomcat Native library 1.2.2 using APR version 1.5.1.
23-Dec-2015 23:21:48.631 INFO [main] org.apache.catalina.core.AprLifecycleListener.lifecycleEvent APR capabilities: IPv6 [true], sendfile [true], accept filters [false], random [true].
23-Dec-2015 23:21:49.693 INFO [main] org.apache.catalina.core.AprLifecycleListener.initializeSSL OpenSSL successfully initialized (OpenSSL 1.0.2d 9 Jul 2015)
23-Dec-2015 23:21:50.223 INFO [main] org.apache.coyote.AbstractProtocol.init Initializing ProtocolHandler ["http-apr-80"]
23-Dec-2015 23:21:50.240 INFO [main] org.apache.coyote.AbstractProtocol.init Initializing ProtocolHandler ["ajp-apr-8009"]
23-Dec-2015 23:21:50.243 INFO [main] org.apache.catalina.startup.Catalina.load Initialization processed in 2280 ms
23-Dec-2015 23:21:50.294 INFO [main] org.apache.catalina.core.StandardService.startInternal Starting service Catalina
23-Dec-2015 23:21:50.294 INFO [main] org.apache.catalina.core.StandardEngine.startInternal Starting Servlet Engine: Apache Tomcat/9.0.0.M1
23-Dec-2015 23:21:50.365 SEVERE [Catalina-startStop-1] org.apache.catalina.core.ContainerBase.startInternal A child container failed during start
 java.util.concurrent.ExecutionException: org.apache.catalina.LifecycleException: Failed to start component [StandardEngine[Catalina].StandardHost[localhost].StandardContext[]]
	at java.util.concurrent.FutureTask.report(FutureTask.java:122)
	at java.util.concurrent.FutureTask.get(FutureTask.java:192)
	at org.apache.catalina.core.ContainerBase.startInternal(ContainerBase.java:912)
	at org.apache.catalina.core.StandardHost.startInternal(StandardHost.java:872)
	at org.apache.catalina.util.LifecycleBase.start(LifecycleBase.java:155)
	at org.apache.catalina.core.ContainerBase$StartChild.call(ContainerBase.java:1404)
	at org.apache.catalina.core.ContainerBase$StartChild.call(ContainerBase.java:1394)
	at java.util.concurrent.FutureTask.run(FutureTask.java:266)
	at java.util.concurrent.ThreadPoolExecutor.runWorker(ThreadPoolExecutor.java:1142)
	at java.util.concurrent.ThreadPoolExecutor$Worker.run(ThreadPoolExecutor.java:617)
	at java.lang.Thread.run(Thread.java:745)
Caused by: org.apache.catalina.LifecycleException: Failed to start component [StandardEngine[Catalina].StandardHost[localhost].StandardContext[]]
	at org.apache.catalina.util.LifecycleBase.start(LifecycleBase.java:160)
	... 6 more
Caused by: org.apache.catalina.LifecycleException: Failed to start component [org.apache.catalina.webresources.StandardRoot@5eb0aa]
	at org.apache.catalina.util.LifecycleBase.start(LifecycleBase.java:160)
	at org.apache.catalina.core.StandardContext.resourcesStart(StandardContext.java:4866)
	at org.apache.catalina.core.StandardContext.startInternal(StandardContext.java:4996)
	at org.apache.catalina.util.LifecycleBase.start(LifecycleBase.java:155)
	... 6 more
Caused by: java.lang.IllegalArgumentException: The main resource set specified [D:\Pragramming\Java\Intelij Projects\Economic_Strategy\localhost\apache\webapps\Pragramming\Java\Intelij Projects\Economic_Strategy] is not valid
	at org.apache.catalina.webresources.StandardRoot.createMainResourceSet(StandardRoot.java:726)
	at org.apache.catalina.webresources.StandardRoot.startInternal(StandardRoot.java:686)
	at org.apache.catalina.util.LifecycleBase.start(LifecycleBase.java:155)
	... 9 more

23-Dec-2015 23:21:50.407 SEVERE [main] org.apache.catalina.core.ContainerBase.startInternal A child container failed during start
 java.util.concurrent.ExecutionException: org.apache.catalina.LifecycleException: Failed to start component [StandardEngine[Catalina].StandardHost[localhost]]
	at java.util.concurrent.FutureTask.report(FutureTask.java:122)
	at java.util.concurrent.FutureTask.get(FutureTask.java:192)
	at org.apache.catalina.core.ContainerBase.startInternal(ContainerBase.java:912)
	at org.apache.catalina.core.StandardEngine.startInternal(StandardEngine.java:262)
	at org.apache.catalina.util.LifecycleBase.start(LifecycleBase.java:155)
	at org.apache.catalina.core.StandardService.startInternal(StandardService.java:441)
	at org.apache.catalina.util.LifecycleBase.start(LifecycleBase.java:155)
	at org.apache.catalina.core.StandardServer.startInternal(StandardServer.java:769)
	at org.apache.catalina.util.LifecycleBase.start(LifecycleBase.java:155)
	at org.apache.catalina.startup.Catalina.start(Catalina.java:649)
	at sun.reflect.NativeMethodAccessorImpl.invoke0(Native Method)
	at sun.reflect.NativeMethodAccessorImpl.invoke(NativeMethodAccessorImpl.java:62)
	at sun.reflect.DelegatingMethodAccessorImpl.invoke(DelegatingMethodAccessorImpl.java:43)
	at java.lang.reflect.Method.invoke(Method.java:497)
	at org.apache.catalina.startup.Bootstrap.start(Bootstrap.java:351)
	at org.apache.catalina.startup.Bootstrap.main(Bootstrap.java:485)
Caused by: org.apache.catalina.LifecycleException: Failed to start component [StandardEngine[Catalina].StandardHost[localhost]]
	at org.apache.catalina.util.LifecycleBase.start(LifecycleBase.java:160)
	at org.apache.catalina.core.ContainerBase$StartChild.call(ContainerBase.java:1404)
	at org.apache.catalina.core.ContainerBase$StartChild.call(ContainerBase.java:1394)
	at java.util.concurrent.FutureTask.run(FutureTask.java:266)
	at java.util.concurrent.ThreadPoolExecutor.runWorker(ThreadPoolExecutor.java:1142)
	at java.util.concurrent.ThreadPoolExecutor$Worker.run(ThreadPoolExecutor.java:617)
	at java.lang.Thread.run(Thread.java:745)
Caused by: org.apache.catalina.LifecycleException: A child container failed during start
	at org.apache.catalina.core.ContainerBase.startInternal(ContainerBase.java:921)
	at org.apache.catalina.core.StandardHost.startInternal(StandardHost.java:872)
	at org.apache.catalina.util.LifecycleBase.start(LifecycleBase.java:155)
	... 6 more

23-Dec-2015 23:21:50.411 SEVERE [main] org.apache.catalina.startup.Catalina.start The required Server component failed to start so Tomcat is unable to start.
 org.apache.catalina.LifecycleException: Failed to start component [StandardServer[8005]]
	at org.apache.catalina.util.LifecycleBase.start(LifecycleBase.java:160)
	at org.apache.catalina.startup.Catalina.start(Catalina.java:649)
	at sun.reflect.NativeMethodAccessorImpl.invoke0(Native Method)
	at sun.reflect.NativeMethodAccessorImpl.invoke(NativeMethodAccessorImpl.java:62)
	at sun.reflect.DelegatingMethodAccessorImpl.invoke(DelegatingMethodAccessorImpl.java:43)
	at java.lang.reflect.Method.invoke(Method.java:497)
	at org.apache.catalina.startup.Bootstrap.start(Bootstrap.java:351)
	at org.apache.catalina.startup.Bootstrap.main(Bootstrap.java:485)
Caused by: org.apache.catalina.LifecycleException: Failed to start component [StandardService[Catalina]]
	at org.apache.catalina.util.LifecycleBase.start(LifecycleBase.java:160)
	at org.apache.catalina.core.StandardServer.startInternal(StandardServer.java:769)
	at org.apache.catalina.util.LifecycleBase.start(LifecycleBase.java:155)
	... 7 more
Caused by: org.apache.catalina.LifecycleException: Failed to start component [StandardEngine[Catalina]]
	at org.apache.catalina.util.LifecycleBase.start(LifecycleBase.java:160)
	at org.apache.catalina.core.StandardService.startInternal(StandardService.java:441)
	at org.apache.catalina.util.LifecycleBase.start(LifecycleBase.java:155)
	... 9 more
Caused by: org.apache.catalina.LifecycleException: A child container failed during start
	at org.apache.catalina.core.ContainerBase.startInternal(ContainerBase.java:921)
	at org.apache.catalina.core.StandardEngine.startInternal(StandardEngine.java:262)
	at org.apache.catalina.util.LifecycleBase.start(LifecycleBase.java:155)
	... 11 more

23-Dec-2015 23:21:50.415 INFO [main] org.apache.coyote.AbstractProtocol.pause Pausing ProtocolHandler ["http-apr-80"]
23-Dec-2015 23:21:50.416 INFO [main] org.apache.coyote.AbstractProtocol.pause Pausing ProtocolHandler ["ajp-apr-8009"]
23-Dec-2015 23:21:50.416 INFO [main] org.apache.catalina.core.StandardService.stopInternal Stopping service Catalina
23-Dec-2015 23:21:50.418 INFO [main] org.apache.coyote.AbstractProtocol.destroy Destroying ProtocolHandler ["http-apr-80"]
23-Dec-2015 23:21:50.419 INFO [main] org.apache.coyote.AbstractProtocol.destroy Destroying ProtocolHandler ["ajp-apr-8009"]
23-Dec-2015 23:22:59.526 SEVERE [main] org.apache.catalina.startup.Catalina.stopServer Could not contact localhost:8005. Tomcat may not be running.
23-Dec-2015 23:22:59.529 SEVERE [main] org.apache.catalina.startup.Catalina.stopServer Catalina.stop: 
 java.net.ConnectException: Connection refused: connect
	at java.net.DualStackPlainSocketImpl.connect0(Native Method)
	at java.net.DualStackPlainSocketImpl.socketConnect(DualStackPlainSocketImpl.java:79)
	at java.net.AbstractPlainSocketImpl.doConnect(AbstractPlainSocketImpl.java:350)
	at java.net.AbstractPlainSocketImpl.connectToAddress(AbstractPlainSocketImpl.java:206)
	at java.net.AbstractPlainSocketImpl.connect(AbstractPlainSocketImpl.java:188)
	at java.net.PlainSocketImpl.connect(PlainSocketImpl.java:172)
	at java.net.SocksSocketImpl.connect(SocksSocketImpl.java:392)
	at java.net.Socket.connect(Socket.java:589)
	at java.net.Socket.connect(Socket.java:538)
	at java.net.Socket.<init>(Socket.java:434)
	at java.net.Socket.<init>(Socket.java:211)
	at org.apache.catalina.startup.Catalina.stopServer(Catalina.java:474)
	at sun.reflect.NativeMethodAccessorImpl.invoke0(Native Method)
	at sun.reflect.NativeMethodAccessorImpl.invoke(NativeMethodAccessorImpl.java:62)
	at sun.reflect.DelegatingMethodAccessorImpl.invoke(DelegatingMethodAccessorImpl.java:43)
	at java.lang.reflect.Method.invoke(Method.java:497)
	at org.apache.catalina.startup.Bootstrap.stopServer(Bootstrap.java:400)
	at org.apache.catalina.startup.Bootstrap.main(Bootstrap.java:487)

23-Dec-2015 23:23:26.054 INFO [main] org.apache.catalina.startup.VersionLoggerListener.log Server version:        Apache Tomcat/9.0.0.M1
23-Dec-2015 23:23:26.055 INFO [main] org.apache.catalina.startup.VersionLoggerListener.log Server built:          Nov 12 2015 22:05:52 UTC
23-Dec-2015 23:23:26.056 INFO [main] org.apache.catalina.startup.VersionLoggerListener.log Server number:         9.0.0.0
23-Dec-2015 23:23:26.056 INFO [main] org.apache.catalina.startup.VersionLoggerListener.log OS Name:               Windows 7
23-Dec-2015 23:23:26.056 INFO [main] org.apache.catalina.startup.VersionLoggerListener.log OS Version:            6.1
23-Dec-2015 23:23:26.057 INFO [main] org.apache.catalina.startup.VersionLoggerListener.log Architecture:          x86
23-Dec-2015 23:23:26.057 INFO [main] org.apache.catalina.startup.VersionLoggerListener.log Java Home:             C:\Program Files\Java\jdk1.8.0_66\jre
23-Dec-2015 23:23:26.057 INFO [main] org.apache.catalina.startup.VersionLoggerListener.log JVM Version:           1.8.0_66-b18
23-Dec-2015 23:23:26.058 INFO [main] org.apache.catalina.startup.VersionLoggerListener.log JVM Vendor:            Oracle Corporation
23-Dec-2015 23:23:26.058 INFO [main] org.apache.catalina.startup.VersionLoggerListener.log CATALINA_BASE:         D:\Pragramming\Java\Intelij Projects\Economic_Strategy\localhost\apache
23-Dec-2015 23:23:26.058 INFO [main] org.apache.catalina.startup.VersionLoggerListener.log CATALINA_HOME:         D:\Pragramming\Java\Intelij Projects\Economic_Strategy\localhost\apache
23-Dec-2015 23:23:26.059 INFO [main] org.apache.catalina.startup.VersionLoggerListener.log Command line argument: -Djava.util.logging.config.file=D:\Pragramming\Java\Intelij Projects\Economic_Strategy\localhost\apache\conf\logging.properties
23-Dec-2015 23:23:26.060 INFO [main] org.apache.catalina.startup.VersionLoggerListener.log Command line argument: -Djava.util.logging.manager=org.apache.juli.ClassLoaderLogManager
23-Dec-2015 23:23:26.061 INFO [main] org.apache.catalina.startup.VersionLoggerListener.log Command line argument: -Dcatalina.base=D:\Pragramming\Java\Intelij Projects\Economic_Strategy\localhost\apache
23-Dec-2015 23:23:26.062 INFO [main] org.apache.catalina.startup.VersionLoggerListener.log Command line argument: -Dcatalina.home=D:\Pragramming\Java\Intelij Projects\Economic_Strategy\localhost\apache
23-Dec-2015 23:23:26.063 INFO [main] org.apache.catalina.startup.VersionLoggerListener.log Command line argument: -Djava.io.tmpdir=D:\Pragramming\Java\Intelij Projects\Economic_Strategy\localhost\apache\temp
23-Dec-2015 23:23:26.064 INFO [main] org.apache.catalina.core.AprLifecycleListener.lifecycleEvent Loaded APR based Apache Tomcat Native library 1.2.2 using APR version 1.5.1.
23-Dec-2015 23:23:26.064 INFO [main] org.apache.catalina.core.AprLifecycleListener.lifecycleEvent APR capabilities: IPv6 [true], sendfile [true], accept filters [false], random [true].
23-Dec-2015 23:23:27.113 INFO [main] org.apache.catalina.core.AprLifecycleListener.initializeSSL OpenSSL successfully initialized (OpenSSL 1.0.2d 9 Jul 2015)
23-Dec-2015 23:23:27.377 INFO [main] org.apache.coyote.AbstractProtocol.init Initializing ProtocolHandler ["http-apr-80"]
23-Dec-2015 23:23:27.394 INFO [main] org.apache.coyote.AbstractProtocol.init Initializing ProtocolHandler ["ajp-apr-8009"]
23-Dec-2015 23:23:27.397 INFO [main] org.apache.catalina.startup.Catalina.load Initialization processed in 2013 ms
23-Dec-2015 23:23:27.442 INFO [main] org.apache.catalina.core.StandardService.startInternal Starting service Catalina
23-Dec-2015 23:23:27.443 INFO [main] org.apache.catalina.core.StandardEngine.startInternal Starting Servlet Engine: Apache Tomcat/9.0.0.M1
23-Dec-2015 23:23:27.456 INFO [localhost-startStop-1] org.apache.catalina.startup.HostConfig.deployDirectory Deploying web application directory D:\Pragramming\Java\Intelij Projects\Economic_Strategy\localhost\apache\webapps\ROOT
23-Dec-2015 23:23:28.156 INFO [localhost-startStop-1] org.apache.catalina.util.SessionIdGeneratorBase.createSecureRandom Creation of SecureRandom instance for session ID generation using [SHA1PRNG] took [182] milliseconds.
23-Dec-2015 23:23:28.186 INFO [localhost-startStop-1] org.apache.catalina.startup.HostConfig.deployDirectory Deployment of web application directory D:\Pragramming\Java\Intelij Projects\Economic_Strategy\localhost\apache\webapps\ROOT has finished in 730 ms
23-Dec-2015 23:23:28.190 INFO [main] org.apache.coyote.AbstractProtocol.start Starting ProtocolHandler [http-apr-80]
23-Dec-2015 23:23:28.206 INFO [main] org.apache.coyote.AbstractProtocol.start Starting ProtocolHandler [ajp-apr-8009]
23-Dec-2015 23:23:28.218 INFO [main] org.apache.catalina.startup.Catalina.start Server startup in 820 ms
23-Dec-2015 23:23:37.625 INFO [main] org.apache.catalina.core.StandardServer.await A valid shutdown command was received via the shutdown port. Stopping the Server instance.
23-Dec-2015 23:23:37.627 INFO [main] org.apache.coyote.AbstractProtocol.pause Pausing ProtocolHandler ["http-apr-80"]
23-Dec-2015 23:23:37.681 INFO [main] org.apache.coyote.AbstractProtocol.pause Pausing ProtocolHandler ["ajp-apr-8009"]
23-Dec-2015 23:23:37.683 INFO [main] org.apache.catalina.core.StandardService.stopInternal Stopping service Catalina
23-Dec-2015 23:23:37.702 INFO [main] org.apache.coyote.AbstractProtocol.stop Stopping ProtocolHandler ["http-apr-80"]
23-Dec-2015 23:23:37.770 INFO [main] org.apache.coyote.AbstractProtocol.stop Stopping ProtocolHandler ["ajp-apr-8009"]
23-Dec-2015 23:23:37.822 INFO [main] org.apache.coyote.AbstractProtocol.destroy Destroying ProtocolHandler ["http-apr-80"]
23-Dec-2015 23:23:37.825 INFO [main] org.apache.coyote.AbstractProtocol.destroy Destroying ProtocolHandler ["ajp-apr-8009"]
